{
 "cells": [
  {
   "cell_type": "markdown",
   "metadata": {},
   "source": [
    "## Index Only Scan"
   ]
  },
  {
   "cell_type": "markdown",
   "metadata": {},
   "source": [
    "```sql\n",
    "create table test(id int, name text, age int);\n",
    "insert into test select generate_series(1,100000),'test'::text,generate_series(1,100000);\n",
    "create index test_id_age on test(id ,age);\n",
    "```"
   ]
  },
  {
   "cell_type": "markdown",
   "metadata": {},
   "source": [
    "```sql\n",
    "explain select id, age from test  where id < 20 and age >0;\n",
    "```"
   ]
  },
  {
   "cell_type": "markdown",
   "metadata": {},
   "source": [
    "```sql\n",
    "QUERY PLAN\n",
    "Index Only Scan using test_id_age on test (cost=0.29..40.17 rows=19 width=8)\n",
    "Index Cond: ((id < 20) AND (age > 0))\n",
    "```"
   ]
  },
  {
   "cell_type": "markdown",
   "metadata": {},
   "source": [
    "## Different Scan"
   ]
  },
  {
   "cell_type": "markdown",
   "metadata": {},
   "source": [
    "```sql\n",
    "create table jsonData (\n",
    "    a integer,\n",
    "    b integer\n",
    ");\n",
    "CREATE INDEX test2_mm_idx ON jsonData (a);\n",
    "CREATE INDEX test3_mm_idx ON jsonData (b);\n",
    "insert into jsonData  values  (1,2), (5,42), (5,42);\n",
    "```"
   ]
  },
  {
   "cell_type": "markdown",
   "metadata": {},
   "source": [
    "```sql\n",
    "select * from jsonData;\n",
    "explain ANALYZE select * from jsonData where a > 2 and b < 20;\n",
    "explain  select * from jsonData where b < 20 and a > 2;\n",
    "explain select * from jsonData where a > 2 or b < 20;\n",
    "explain select * from jsonData where b < 20 or a > 2;\n",
    "explain select b from jsonData where b < 20;\n",
    "explain select * from jsonData where b < 20;\n",
    "explain select * from jsonData where b = 5;\n",
    "```"
   ]
  },
  {
   "cell_type": "markdown",
   "metadata": {},
   "source": [
    "QUERY PLAN\n",
    "Bitmap Heap Scan on jsondata (cost=9.87..31.16 rows=251 width=8) (actual time=0.011..0.011 rows=0 loops=1)\n",
    "Recheck Cond: (b < 20)\n",
    "Filter: (a > 2)\n",
    "Rows Removed by Filter: 1\n",
    "Heap Blocks: exact=1\n",
    "-> Bitmap Index Scan on test3_mm_idx (cost=0.00..9.80 rows=753 width=0) (actual time=0.003..0.003 rows=1 loops=1)\n",
    "Index Cond: (b < 20)\n",
    "Planning time: 0.104 ms\n",
    "Execution time: 0.036 ms\n",
    "Record Count: 9; Execution Time: 2ms link\n",
    "\n",
    "\n",
    "QUERY PLAN\n",
    "Bitmap Heap Scan on jsondata (cost=9.87..31.16 rows=251 width=8)\n",
    "Recheck Cond: (b < 20)\n",
    "Filter: (a > 2)\n",
    "-> Bitmap Index Scan on test3_mm_idx (cost=0.00..9.80 rows=753 width=0)\n",
    "Index Cond: (b < 20)\n",
    "Record Count: 5; Execution Time: 1ms link\n",
    "\n",
    "\n",
    "QUERY PLAN\n",
    "Seq Scan on jsondata (cost=0.00..43.90 rows=1256 width=8)\n",
    "Filter: ((a > 2) OR (b < 20))\n",
    "Record Count: 2; Execution Time: 2ms link\n",
    "QUERY PLAN\n",
    "Seq Scan on jsondata (cost=0.00..43.90 rows=1256 width=8)\n",
    "Filter: ((b < 20) OR (a > 2))\n",
    "Record Count: 2; Execution Time: 2ms link\n",
    "\n",
    "\n",
    "QUERY PLAN\n",
    "Bitmap Heap Scan on jsondata (cost=9.99..29.40 rows=753 width=4)\n",
    "Recheck Cond: (b < 20)\n",
    "-> Bitmap Index Scan on test3_mm_idx (cost=0.00..9.80 rows=753 width=0)\n",
    "Index Cond: (b < 20)\n",
    "Record Count: 4; Execution Time: 1ms link\n",
    "\n",
    "\n",
    "QUERY PLAN\n",
    "Bitmap Heap Scan on jsondata (cost=9.99..29.40 rows=753 width=8)\n",
    "Recheck Cond: (b < 20)\n",
    "-> Bitmap Index Scan on test3_mm_idx (cost=0.00..9.80 rows=753 width=0)\n",
    "Index Cond: (b < 20)\n",
    "Record Count: 4; Execution Time: 4ms link\n",
    "\n",
    "\n",
    "QUERY PLAN\n",
    "Bitmap Heap Scan on jsondata (cost=4.24..14.91 rows=11 width=8)\n",
    "Recheck Cond: (b = 5)\n",
    "-> Bitmap Index Scan on test3_mm_idx (cost=0.00..4.24 rows=11 width=0)\n",
    "Index Cond: (b = 5)\n",
    "Record Count: 4; Execution Time: 2ms link\n",
    "\n"
   ]
  },
  {
   "cell_type": "markdown",
   "metadata": {},
   "source": [
    "最近在看postgresql的查询计划，在查询中对表的扫描计划大概有如下几种：\n",
    "\n",
    "Seq Scan\n",
    "Index Scan\n",
    "Bitmap Heap Scan\n",
    "Index Only Scan\n",
    "\n",
    "这里就把自己的理解写下来，欢迎大家批评指正：\n",
    "\n",
    "1）对于Seq Scan很好理解，就是按照表的记录的排列顺序从头到尾依次检索扫描，每次扫描要取到所有的记录。这也是最简单最基础的扫表方式，扫描的代价比较大；\n",
    "\n",
    "2）对于Index Scan，我们也很熟悉，对于给定的查询，我们先扫描一遍索引，从索引中找到符合要求的记录的位置(指针)，再定位到表中具体的Page去取。等于是两次I/O，先走索引，再走取表记录，不同于全表扫描的是只取所需数据对应的Page，I/O量较小；\n",
    "\n",
    "3）对于Bitmap Heap Scan不是很常见，我翻阅了postgresql的手册，找到以下几句话：\n",
    "\n",
    "   A plain indexscan fetches one tuple-pointer at a time from the index, and immediately visits that tuple in the table.  A bitmap scan fetches all the tuple-pointers from the index in one go, sorts them using an in-memory \"bitmap\" data structure, and then visits the table tuples in physical tuple-location order.  The bitmap scan improves locality of reference to the table at the cost of more bookkeeping overhead to manage the \"bitmap\" data structure --- and at the cost that the data is no longer retrieved in index order, which doesn't matter for your query but would matter if you said ORDER BY.       \n",
    "\n",
    "上面的意思是说，普通的索引扫描（ index scan）一次只读一条索引项，那么一个 PAGE 面有可能被多次访问；而 bitmap scan 一次性将满足条件的索引项全部取\n",
    "出，并在内存中进行排序, 然后根据取出的索引项访问表数据。当 PostgreSQL 需要合并索引访问的结果子集时 会用到这种方式 ，通常情况是在用到 \"or\"，“and”时会出现\"Bitmap heap scan\"。\n",
    "\n",
    "4）所谓index only scan ,就是因为 建立 index时，所包含的字段集合，囊括了我们查询语句中的字段，这样，提取出相应的index ，就不必再次提取数据块了。\n",
    "\n",
    "举个例子：对于表：\n",
    "\n",
    "create table test(id int, name text, age int);\n",
    "insert into test select generate_series(1,100000),'test'::text,generate_series(1,100000);\n",
    "\n",
    "我们对id和age建立复合索引：\n",
    "\n",
    "create index test_id_age on test(id ,age);\n",
    "\n",
    "然后，执行查询：\n",
    "\n",
    "explain select id, age from test  where id < 20 and age >0;\n",
    "\n",
    "查询结果为：\n",
    "\n",
    "postgres=# explain select id ,age from test where id < 20 and age >0;\n",
    "                                  QUERY PLAN                                   \n",
    "-------------------------------------------------------------------------------\n",
    " Index Only Scan using test_id_age on test  (cost=0.29..41.94 rows=20 width=8)\n",
    "   Index Cond: ((id < 20) AND (age > 0))\n",
    "(2 rows)\n",
    "\n",
    "这个查询里查询的id和age就在索引test_id_age上，在我们取出索引的时候，我们已经获取了(id，age)值的序列，因此就不必再去表中获取记录了，在Index上我们就获得了我们需要的数据，因此称为Index Only Scan。\n",
    "\n",
    "那么这几种表的扫描的应用场景呢？是不是走索引就一定比全表扫描好呢？也不尽然。\n",
    "\n",
    "我们知道全表扫描是直接扫描全表，而Index Scan是走一次索引再定位表所在的Page，那么我们可以推断：\n",
    "\n",
    "当获取的数据分布很大(比如70%以上)时，用index scan 已经没有意义了，因为数据太多了，走索引再走表的代价已经超过了单纯走表的代价了。就不如用全表扫描了。\n",
    "\n",
    "而数据分布较小(比如 1.7%)，则索引的优势就体现出来了。可能bitmap index scan的性能就更好(相比于index scan，因为它减少了index的重复扫描)。\n",
    "\n",
    "当数据更少的时候，用index scan可能就更好(索引重复的可能性较小且回避了在内存中排序的代价)。\n",
    "\n",
    "需要引起注意的是， bitmap index scan也可以用在where 条件单一的时候。\n",
    "\n",
    "而对于Index Only Scan，由于不需要扫描表的数据块，只走索引，那么在能满足条件的情况下几乎是最快的了（当然我也没有数据验证）。\n",
    "\n",
    "对于索引的讨论一直是热门话题，这里只是简单的提到，下次遇到再详细的写写吧。\n"
   ]
  }
 ],
 "metadata": {
  "kernelspec": {
   "display_name": "Elixir",
   "language": "Elixir",
   "name": "ielixir"
  },
  "language_info": {
   "codemirror_mode": "elixir",
   "file_extension": "ex",
   "mimetype": "text/x-elixir",
   "name": "elixir",
   "nbconvert_exporter": "",
   "pygments_lexer": "elixir",
   "version": "#Version<1.6.5>"
  }
 },
 "nbformat": 4,
 "nbformat_minor": 2
}
