```sql
create table jsonData (
    a integer,
    b integer,
    c integer
);
CREATE INDEX test2_mm_idx ON jsonData (a, b, c);
insert into jsonData  values  (1,2,3), (5,42,3), (5,42,99);
```

```sql
explain select * from jsonData WHERE a = 5 AND b >= 42 AND c < 77;
ndex Only Scan using test2_mm_idx on jsondata (cost=0.15..8.20 rows=1 width=12)
Index Cond: ((a = 5) AND (b >= 42) AND (c < 77))

explain select * from jsonData WHERE b >= 42 AND c < 77 AND a = 5;
Index Only Scan using test2_mm_idx on jsondata (cost=0.15..8.20 rows=1 width=12)
Index Cond: ((a = 5) AND (b >= 42) AND (c < 77))

explain select * from jsonData WHERE b >= 42 AND c < 77;
Seq Scan on jsondata (cost=0.00..40.60 rows=227 width=12)
Filter: ((b >= 42) AND (c < 77))
```

一个B-tree索引可以用于条件中涉及到任意索引列子集的查询，但是当先导列（即最左边的那些列）上有约束条件时索引最为有效。确切的规则是：在先导列上的等值约束，加上第一个无等值约束的列上的不等值约束，将被用于限制索引被扫描的部分。在这些列右边的列上的约束将在索引中被检查，这样它们适当节约了对表的访问，但它们并未减小索引被扫描的部分。例如，在(a, b, c)上有一个索引并且给定一个查询条件WHERE a = 5 AND b >= 42 AND c < 77，对索引的扫描将从第一个具有a = 5和b = 42的项开始向上进行，直到最后一个具有a = 5的项。在扫描过程中，具有c >= 77的索引项将被跳过，但是它们还是会被扫描到。这个索引在原则上可以被用于在b和/或c上有约束而在a上没有约束的查询，但是整个索引都不得不被扫描，因此在大部分情况下规划器宁可使用一个顺序的表扫描来替代索引。
